<?xml version="1.0" encoding="UTF-8"?>
<testng-results ignored="0" total="1" passed="1" failed="0" skipped="0">
  <reporter-output>
  </reporter-output>
  <suite started-at="2025-07-25T15:42:43 IST" name="Default suite" finished-at="2025-07-25T15:42:49 IST" duration-ms="6026">
    <groups>
    </groups>
    <test started-at="2025-07-25T15:42:43 IST" name="Default test" finished-at="2025-07-25T15:42:49 IST" duration-ms="6026">
      <class name="com.DDB.FB">
        <test-method signature="FBLaunch()[pri:0, instance:com.DDB.FB@618b19ad]" started-at="2025-07-25T15:42:43 IST" name="FBLaunch" finished-at="2025-07-25T15:42:49 IST" duration-ms="5959" status="PASS">
          <reporter-output>
          </reporter-output>
        </test-method> <!-- FBLaunch -->
      </class> <!-- com.DDB.FB -->
    </test> <!-- Default test -->
  </suite> <!-- Default suite -->
</testng-results>
