<?xml version="1.0" encoding="UTF-8"?>
<testng-results ignored="0" total="1" passed="1" failed="0" skipped="0">
  <reporter-output>
  </reporter-output>
  <suite started-at="2025-07-25T12:24:59 IST" name="Default suite" finished-at="2025-07-25T12:25:12 IST" duration-ms="13514">
    <groups>
    </groups>
    <test started-at="2025-07-25T12:24:59 IST" name="Default test" finished-at="2025-07-25T12:25:12 IST" duration-ms="13514">
      <class name="com.locators.DemoID">
        <test-method signature="DemoTestID()[pri:0, instance:com.locators.DemoID@6b2ea799]" started-at="2025-07-25T12:24:59 IST" name="DemoTestID" finished-at="2025-07-25T12:25:12 IST" duration-ms="13457" status="PASS">
          <reporter-output>
          </reporter-output>
        </test-method> <!-- DemoTestID -->
      </class> <!-- com.locators.DemoID -->
    </test> <!-- Default test -->
  </suite> <!-- Default suite -->
</testng-results>
