<?xml version="1.0" encoding="UTF-8"?>
<testng-results ignored="0" total="1" passed="1" failed="0" skipped="0">
  <reporter-output>
  </reporter-output>
  <suite started-at="2025-07-28T12:59:30 IST" name="Default suite" finished-at="2025-07-28T13:00:27 IST" duration-ms="56305">
    <groups>
    </groups>
    <test started-at="2025-07-28T12:59:30 IST" name="Default test" finished-at="2025-07-28T13:00:27 IST" duration-ms="56305">
      <class name="com.excel.DDTCaseStudy">
        <test-method is-config="true" signature="setup()[pri:0, instance:com.excel.DDTCaseStudy@2362f559]" started-at="2025-07-28T12:59:30 IST" name="setup" finished-at="2025-07-28T12:59:35 IST" duration-ms="4795" status="PASS">
          <reporter-output>
          </reporter-output>
        </test-method> <!-- setup -->
        <test-method signature="locatorsTestingBlog()[pri:0, instance:com.excel.DDTCaseStudy@2362f559]" started-at="2025-07-28T12:59:35 IST" name="locatorsTestingBlog" finished-at="2025-07-28T13:00:26 IST" duration-ms="51030" status="PASS">
          <reporter-output>
          </reporter-output>
        </test-method> <!-- locatorsTestingBlog -->
        <test-method is-config="true" signature="tearDown()[pri:0, instance:com.excel.DDTCaseStudy@2362f559]" started-at="2025-07-28T13:00:26 IST" name="tearDown" finished-at="2025-07-28T13:00:27 IST" duration-ms="437" status="PASS">
          <reporter-output>
          </reporter-output>
        </test-method> <!-- tearDown -->
      </class> <!-- com.excel.DDTCaseStudy -->
    </test> <!-- Default test -->
  </suite> <!-- Default suite -->
</testng-results>
