<?xml version="1.0" encoding="UTF-8"?>
<testng-results ignored="0" total="1" passed="1" failed="0" skipped="0">
  <reporter-output>
  </reporter-output>
  <suite started-at="2025-07-28T14:37:23 IST" name="Default suite" finished-at="2025-07-28T14:37:36 IST" duration-ms="13032">
    <groups>
    </groups>
    <test started-at="2025-07-28T14:37:23 IST" name="Default test" finished-at="2025-07-28T14:37:36 IST" duration-ms="13032">
      <class name="library.TestSS">
        <test-method signature="Browser()[pri:0, instance:library.TestSS@1573f9fc]" started-at="2025-07-28T14:37:23 IST" name="Browser" finished-at="2025-07-28T14:37:36 IST" duration-ms="12980" status="PASS">
          <reporter-output>
          </reporter-output>
        </test-method> <!-- Browser -->
      </class> <!-- library.TestSS -->
    </test> <!-- Default test -->
  </suite> <!-- Default suite -->
</testng-results>
