<?xml version="1.0" encoding="UTF-8"?>
<testng-results ignored="0" total="1" passed="1" failed="0" skipped="0">
  <reporter-output>
  </reporter-output>
  <suite started-at="2025-07-28T14:46:44 IST" name="Default suite" finished-at="2025-07-28T14:46:58 IST" duration-ms="14635">
    <groups>
    </groups>
    <test started-at="2025-07-28T14:46:44 IST" name="Default test" finished-at="2025-07-28T14:46:58 IST" duration-ms="14635">
      <class name="com.scroll.ScrollUD">
        <test-method signature="Test()[pri:0, instance:com.scroll.ScrollUD@815b41f]" started-at="2025-07-28T14:46:44 IST" name="Test" finished-at="2025-07-28T14:46:58 IST" duration-ms="14560" status="PASS">
          <reporter-output>
          </reporter-output>
        </test-method> <!-- Test -->
      </class> <!-- com.scroll.ScrollUD -->
    </test> <!-- Default test -->
  </suite> <!-- Default suite -->
</testng-results>
