<?xml version="1.0" encoding="UTF-8"?>
<testng-results ignored="0" total="1" passed="1" failed="0" skipped="0">
  <reporter-output>
  </reporter-output>
  <suite started-at="2025-07-28T09:15:58 IST" name="Default suite" finished-at="2025-07-28T09:16:06 IST" duration-ms="7208">
    <groups>
    </groups>
    <test started-at="2025-07-28T09:15:58 IST" name="Default test" finished-at="2025-07-28T09:16:06 IST" duration-ms="7208">
      <class name="com.HandlingAlerts.OnlyTesting">
        <test-method signature="main()[pri:0, instance:com.HandlingAlerts.OnlyTesting@6b2ea799]" started-at="2025-07-28T09:15:58 IST" name="main" finished-at="2025-07-28T09:16:06 IST" duration-ms="7155" status="PASS">
          <reporter-output>
          </reporter-output>
        </test-method> <!-- main -->
      </class> <!-- com.HandlingAlerts.OnlyTesting -->
    </test> <!-- Default test -->
  </suite> <!-- Default suite -->
</testng-results>
